<?xml version="1.0" encoding="utf-8"?><testsuites name="pytest tests"><testsuite name="pytest" errors="0" failures="0" skipped="0" tests="18" time="3.486" timestamp="2026-03-27T06:18:51.263002+00:00" hostname="agent-env-4a1f6b13-d0a9-4e5c-a0aa-a607218e3574"><testcase classname="backend.tests.test_new_features.TestConstantsEndpoints" name="test_status_escolaridade_endpoint" time="0.157" /><testcase classname="backend.tests.test_new_features.TestConstantsEndpoints" name="test_status_licenca_endpoint" time="0.106" /><testcase classname="backend.tests.test_new_features.TestConstantsEndpoints" name="test_postos_promocao_endpoint" time="0.108" /><testcase classname="backend.tests.test_new_features.TestConstantsEndpoints" name="test_postos_sem_promocao_endpoint" time="0.126" /><testcase classname="backend.tests.test_new_features.TestMemberNewFields" name="test_create_member_with_new_fields" time="0.531" /><testcase classname="backend.tests.test_new_features.TestMemberNewFields" name="test_create_member_default_status_licenca" time="0.205" /><testcase classname="backend.tests.test_new_features.TestMemberNewFields" name="test_update_member_new_fields" time="0.391" /><testcase classname="backend.tests.test_new_features.TestDashboardStatusLicenca" name="test_dashboard_stats_includes_status_licenca" time="0.115" /><testcase classname="backend.tests.test_new_features.TestMemberFilters" name="test_filter_by_unidade" time="0.097" /><testcase classname="backend.tests.test_new_features.TestMemberFilters" name="test_filter_by_status_licenca" time="0.105" /><testcase classname="backend.tests.test_new_features.TestMemberFilters" name="test_filter_by_ano_incorporacao" time="0.299" /><testcase classname="backend.tests.test_new_features.TestMemberFilters" name="test_members_sorted_alphabetically" time="0.104" /><testcase classname="backend.tests.test_new_features.TestActivityLogs" name="test_activity_logs_endpoint" time="0.102" /><testcase classname="backend.tests.test_new_features.TestActivityLogs" name="test_activity_logs_filter_by_action" time="0.100" /><testcase classname="backend.tests.test_new_features.TestActivityLogs" name="test_activity_logs_export" time="0.091" /><testcase classname="backend.tests.test_new_features.TestActivityLogs" name="test_activity_logs_admin_only" time="0.148" /><testcase classname="backend.tests.test_new_features.TestActivityLogs" name="test_login_creates_activity_log" time="0.512" /><testcase classname="backend.tests.test_new_features.TestAnosIncorporacao" name="test_anos_incorporacao_endpoint" time="0.114" /></testsuite></testsuites>