<?xml version="1.0" encoding="utf-8"?><testsuites name="pytest tests"><testsuite name="pytest" errors="0" failures="0" skipped="0" tests="11" time="4.848" timestamp="2026-05-21T07:39:06.903895+00:00" hostname="agent-env-4a1f6b13-d0a9-4e5c-a0aa-a607218e3574"><testcase classname="backend.tests.test_iteration5_features.TestLogin" name="test_login_admin_success" time="0.391" /><testcase classname="backend.tests.test_iteration5_features.TestDashboardStats" name="test_dashboard_stats_structure" time="0.441" /><testcase classname="backend.tests.test_iteration5_features.TestDashboardStats" name="test_dashboard_component_cards" time="0.471" /><testcase classname="backend.tests.test_iteration5_features.TestDashboardStats" name="test_dashboard_55_years_alerts" time="0.493" /><testcase classname="backend.tests.test_iteration5_features.TestDashboardStats" name="test_dashboard_reforma_alerts" time="0.452" /><testcase classname="backend.tests.test_iteration5_features.TestPostosConstants" name="test_postos_include_subtenente" time="0.138" /><testcase classname="backend.tests.test_iteration5_features.TestPostosConstants" name="test_postos_include_segundo_marinheiro" time="0.103" /><testcase classname="backend.tests.test_iteration5_features.TestMemberCreationWithNewFields" name="test_create_member_with_cartao_eleitoral_data" time="0.591" /><testcase classname="backend.tests.test_iteration5_features.TestMemberCreationWithNewFields" name="test_create_member_with_language_skills" time="0.564" /><testcase classname="backend.tests.test_iteration5_features.TestFileUpload" name="test_file_upload" time="0.551" /><testcase classname="backend.tests.test_iteration5_features.TestRetirementAlerts" name="test_retirement_alerts_endpoint" time="0.447" /></testsuite></testsuites>