<?xml version="1.0" encoding="utf-8"?><testsuites name="pytest tests"><testsuite name="pytest" errors="0" failures="0" skipped="0" tests="14" time="3.086" timestamp="2026-05-21T23:50:08.644978+00:00" hostname="agent-env-4a1f6b13-d0a9-4e5c-a0aa-a607218e3574"><testcase classname="backend.tests.test_iteration6_features.TestLogin" name="test_admin_login_success" time="0.531" /><testcase classname="backend.tests.test_iteration6_features.TestDashboardStats" name="test_total_efetivos_field" time="0.465" /><testcase classname="backend.tests.test_iteration6_features.TestDashboardStats" name="test_reforma_alert_maria_fernanda" time="0.129" /><testcase classname="backend.tests.test_iteration6_features.TestDashboardStats" name="test_55_anos_alert_joao_manuel" time="0.117" /><testcase classname="backend.tests.test_iteration6_features.TestMemberFormFields" name="test_cartao_eleitoral_data_field" time="0.294" /><testcase classname="backend.tests.test_iteration6_features.TestMemberFormFields" name="test_ler_checkbox_in_habilidade_lingua" time="0.215" /><testcase classname="backend.tests.test_iteration6_features.TestMemberFormFields" name="test_afiliacao_familiar_new_fields" time="0.250" /><testcase classname="backend.tests.test_iteration6_features.TestMemberFormFields" name="test_familia_anexo_field" time="0.242" /><testcase classname="backend.tests.test_iteration6_features.TestNewPostos" name="test_postos_include_subtenente" time="0.113" /><testcase classname="backend.tests.test_iteration6_features.TestNewPostos" name="test_postos_include_segundo_marinheiro" time="0.127" /><testcase classname="backend.tests.test_iteration6_features.TestMemberCount" name="test_total_members_count" time="0.123" /><testcase classname="backend.tests.test_iteration6_features.TestMemberCount" name="test_test_members_exist" time="0.128" /><testcase classname="backend.tests.test_iteration6_features.TestMemberCount" name="test_subtenente_member_exists" time="0.139" /><testcase classname="backend.tests.test_iteration6_features.TestMemberCount" name="test_segundo_marinheiro_member_exists" time="0.123" /></testsuite></testsuites>