<?xml version="1.0" encoding="utf-8"?><testsuites name="pytest tests"><testsuite name="pytest" errors="0" failures="0" skipped="0" tests="18" time="3.479" timestamp="2026-03-26T02:55:31.493226+00:00" hostname="agent-env-4a1f6b13-d0a9-4e5c-a0aa-a607218e3574"><testcase classname="backend.tests.test_bug_fixes.TestFileDownloadEndpoint" name="test_file_download_returns_200" time="0.184" /><testcase classname="backend.tests.test_bug_fixes.TestFileDownloadEndpoint" name="test_file_download_returns_correct_content_type" time="0.112" /><testcase classname="backend.tests.test_bug_fixes.TestFileDownloadEndpoint" name="test_file_download_returns_binary_content" time="0.131" /><testcase classname="backend.tests.test_bug_fixes.TestFileDownloadEndpoint" name="test_file_download_has_inline_disposition" time="0.116" /><testcase classname="backend.tests.test_bug_fixes.TestFileDownloadEndpoint" name="test_file_metadata_endpoint" time="0.102" /><testcase classname="backend.tests.test_bug_fixes.TestFileDownloadEndpoint" name="test_nonexistent_file_returns_404" time="0.111" /><testcase classname="backend.tests.test_bug_fixes.TestMemberPhotoURL" name="test_member_has_photo_url" time="0.449" /><testcase classname="backend.tests.test_bug_fixes.TestMemberPhotoURL" name="test_member_photo_url_is_accessible" time="0.242" /><testcase classname="backend.tests.test_bug_fixes.TestMemberPhotoURL" name="test_members_list_includes_photos" time="0.100" /><testcase classname="backend.tests.test_bug_fixes.TestMemberAttachments" name="test_member_has_document_attachments" time="0.118" /><testcase classname="backend.tests.test_bug_fixes.TestMemberAttachments" name="test_attachment_urls_are_accessible" time="0.246" /><testcase classname="backend.tests.test_bug_fixes.TestDashboardStats" name="test_dashboard_stats_returns_status_counts" time="0.112" /><testcase classname="backend.tests.test_bug_fixes.TestDashboardStats" name="test_members_filter_by_status" time="0.604" /><testcase classname="backend.tests.test_bug_fixes.TestConstantsAPI" name="test_postos_returns_data" time="0.114" /><testcase classname="backend.tests.test_bug_fixes.TestConstantsAPI" name="test_unidades_returns_data" time="0.138" /><testcase classname="backend.tests.test_bug_fixes.TestConstantsAPI" name="test_municipios_returns_data" time="0.123" /><testcase classname="backend.tests.test_bug_fixes.TestConstantsAPI" name="test_member_status_returns_data" time="0.111" /><testcase classname="backend.tests.test_bug_fixes.TestPrintHeaders" name="test_unidades_includes_quartel_general" time="0.123" /></testsuite></testsuites>